This is pdfTeX, Version 3.14159265-2.6-1.40.15 (TeX Live 2014) (preloaded format=pdflatex 2014.5.25)  30 NOV 2015 16:34
entering extended mode
 restricted \write18 enabled.
 %&-line parsing enabled.
**\input ./Rd2.tex
(./Rd2.tex
(/usr/local/texlive/2014/texmf-dist/tex/latex/base/book.cls
Document Class: book 2007/10/19 v1.4h Standard LaTeX document class
(/usr/local/texlive/2014/texmf-dist/tex/latex/base/bk10.clo
File: bk10.clo 2007/10/19 v1.4h Standard LaTeX file (size option)
)
\c@part=\count79
\c@chapter=\count80
\c@section=\count81
\c@subsection=\count82
\c@subsubsection=\count83
\c@paragraph=\count84
\c@subparagraph=\count85
\c@figure=\count86
\c@table=\count87
\abovecaptionskip=\skip41
\belowcaptionskip=\skip42
\bibindent=\dimen102
)
(/Library/Frameworks/R.framework/Resources/share/texmf/tex/latex/Rd.sty
Package: Rd 

(/usr/local/texlive/2014/texmf-dist/tex/latex/base/ifthen.sty
Package: ifthen 2001/05/26 v1.1c Standard LaTeX ifthen package (DPC)
)
(/usr/local/texlive/2014/texmf-dist/tex/latex/tools/longtable.sty
Package: longtable 2004/02/01 v4.11 Multi-page Table package (DPC)
\LTleft=\skip43
\LTright=\skip44
\LTpre=\skip45
\LTpost=\skip46
\LTchunksize=\count88
\LTcapwidth=\dimen103
\LT@head=\box26
\LT@firsthead=\box27
\LT@foot=\box28
\LT@lastfoot=\box29
\LT@cols=\count89
\LT@rows=\count90
\c@LT@tables=\count91
\c@LT@chunks=\count92
\LT@p@ftn=\toks14
)
(/usr/local/texlive/2014/texmf-dist/tex/latex/tools/bm.sty
Package: bm 2004/02/26 v1.1c Bold Symbol Support (DPC/FMi)
\symboldoperators=\mathgroup4
\symboldletters=\mathgroup5
\symboldsymbols=\mathgroup6
LaTeX Font Info:    Redeclaring math alphabet \mathbf on input line 137.
LaTeX Info: Redefining \bm on input line 203.
)
(/usr/local/texlive/2014/texmf-dist/tex/latex/base/alltt.sty
Package: alltt 1997/06/16 v2.0g defines alltt environment
)
(/usr/local/texlive/2014/texmf-dist/tex/latex/tools/verbatim.sty
Package: verbatim 2003/08/22 v1.5q LaTeX2e package for verbatim enhancements
\every@verbatim=\toks15
\verbatim@line=\toks16
\verbatim@in@stream=\read1
)
(/usr/local/texlive/2014/texmf-dist/tex/latex/url/url.sty
\Urlmuskip=\muskip10
Package: url 2013/09/16  ver 3.4  Verb mode for urls, etc.
)
(/usr/local/texlive/2014/texmf-dist/tex/latex/base/textcomp.sty
Package: textcomp 2005/09/27 v1.99g Standard LaTeX package
Package textcomp Info: Sub-encoding information:
(textcomp)               5 = only ISO-Adobe without \textcurrency
(textcomp)               4 = 5 + \texteuro
(textcomp)               3 = 4 + \textohm
(textcomp)               2 = 3 + \textestimated + \textcurrency
(textcomp)               1 = TS1 - \textcircled - \t
(textcomp)               0 = TS1 (full)
(textcomp)             Font families with sub-encoding setting implement
(textcomp)             only a restricted character set as indicated.
(textcomp)             Family '?' is the default used for unknown fonts.
(textcomp)             See the documentation for details.
Package textcomp Info: Setting ? sub-encoding to TS1/1 on input line 71.

(/usr/local/texlive/2014/texmf-dist/tex/latex/base/ts1enc.def
File: ts1enc.def 2001/06/05 v3.0e (jk/car/fm) Standard LaTeX file
)
LaTeX Info: Redefining \oldstylenums on input line 266.
Package textcomp Info: Setting cmr sub-encoding to TS1/0 on input line 281.
Package textcomp Info: Setting cmss sub-encoding to TS1/0 on input line 282.
Package textcomp Info: Setting cmtt sub-encoding to TS1/0 on input line 283.
Package textcomp Info: Setting cmvtt sub-encoding to TS1/0 on input line 284.
Package textcomp Info: Setting cmbr sub-encoding to TS1/0 on input line 285.
Package textcomp Info: Setting cmtl sub-encoding to TS1/0 on input line 286.
Package textcomp Info: Setting ccr sub-encoding to TS1/0 on input line 287.
Package textcomp Info: Setting ptm sub-encoding to TS1/4 on input line 288.
Package textcomp Info: Setting pcr sub-encoding to TS1/4 on input line 289.
Package textcomp Info: Setting phv sub-encoding to TS1/4 on input line 290.
Package textcomp Info: Setting ppl sub-encoding to TS1/3 on input line 291.
Package textcomp Info: Setting pag sub-encoding to TS1/4 on input line 292.
Package textcomp Info: Setting pbk sub-encoding to TS1/4 on input line 293.
Package textcomp Info: Setting pnc sub-encoding to TS1/4 on input line 294.
Package textcomp Info: Setting pzc sub-encoding to TS1/4 on input line 295.
Package textcomp Info: Setting bch sub-encoding to TS1/4 on input line 296.
Package textcomp Info: Setting put sub-encoding to TS1/5 on input line 297.
Package textcomp Info: Setting uag sub-encoding to TS1/5 on input line 298.
Package textcomp Info: Setting ugq sub-encoding to TS1/5 on input line 299.
Package textcomp Info: Setting ul8 sub-encoding to TS1/4 on input line 300.
Package textcomp Info: Setting ul9 sub-encoding to TS1/4 on input line 301.
Package textcomp Info: Setting augie sub-encoding to TS1/5 on input line 302.
Package textcomp Info: Setting dayrom sub-encoding to TS1/3 on input line 303.
Package textcomp Info: Setting dayroms sub-encoding to TS1/3 on input line 304.

Package textcomp Info: Setting pxr sub-encoding to TS1/0 on input line 305.
Package textcomp Info: Setting pxss sub-encoding to TS1/0 on input line 306.
Package textcomp Info: Setting pxtt sub-encoding to TS1/0 on input line 307.
Package textcomp Info: Setting txr sub-encoding to TS1/0 on input line 308.
Package textcomp Info: Setting txss sub-encoding to TS1/0 on input line 309.
Package textcomp Info: Setting txtt sub-encoding to TS1/0 on input line 310.
Package textcomp Info: Setting lmr sub-encoding to TS1/0 on input line 311.
Package textcomp Info: Setting lmdh sub-encoding to TS1/0 on input line 312.
Package textcomp Info: Setting lmss sub-encoding to TS1/0 on input line 313.
Package textcomp Info: Setting lmssq sub-encoding to TS1/0 on input line 314.
Package textcomp Info: Setting lmvtt sub-encoding to TS1/0 on input line 315.
Package textcomp Info: Setting qhv sub-encoding to TS1/0 on input line 316.
Package textcomp Info: Setting qag sub-encoding to TS1/0 on input line 317.
Package textcomp Info: Setting qbk sub-encoding to TS1/0 on input line 318.
Package textcomp Info: Setting qcr sub-encoding to TS1/0 on input line 319.
Package textcomp Info: Setting qcs sub-encoding to TS1/0 on input line 320.
Package textcomp Info: Setting qpl sub-encoding to TS1/0 on input line 321.
Package textcomp Info: Setting qtm sub-encoding to TS1/0 on input line 322.
Package textcomp Info: Setting qzc sub-encoding to TS1/0 on input line 323.
Package textcomp Info: Setting qhvc sub-encoding to TS1/0 on input line 324.
Package textcomp Info: Setting futs sub-encoding to TS1/4 on input line 325.
Package textcomp Info: Setting futx sub-encoding to TS1/4 on input line 326.
Package textcomp Info: Setting futj sub-encoding to TS1/4 on input line 327.
Package textcomp Info: Setting hlh sub-encoding to TS1/3 on input line 328.
Package textcomp Info: Setting hls sub-encoding to TS1/3 on input line 329.
Package textcomp Info: Setting hlst sub-encoding to TS1/3 on input line 330.
Package textcomp Info: Setting hlct sub-encoding to TS1/5 on input line 331.
Package textcomp Info: Setting hlx sub-encoding to TS1/5 on input line 332.
Package textcomp Info: Setting hlce sub-encoding to TS1/5 on input line 333.
Package textcomp Info: Setting hlcn sub-encoding to TS1/5 on input line 334.
Package textcomp Info: Setting hlcw sub-encoding to TS1/5 on input line 335.
Package textcomp Info: Setting hlcf sub-encoding to TS1/5 on input line 336.
Package textcomp Info: Setting pplx sub-encoding to TS1/3 on input line 337.
Package textcomp Info: Setting pplj sub-encoding to TS1/3 on input line 338.
Package textcomp Info: Setting ptmx sub-encoding to TS1/4 on input line 339.
Package textcomp Info: Setting ptmj sub-encoding to TS1/4 on input line 340.
)
\ldescriptionwidth=\skip47

(/usr/local/texlive/2014/texmf-dist/tex/latex/base/fontenc.sty
Package: fontenc 2005/09/27 v1.99g Standard LaTeX package

(/usr/local/texlive/2014/texmf-dist/tex/latex/base/t1enc.def
File: t1enc.def 2005/09/27 v1.99g Standard LaTeX file
LaTeX Font Info:    Redeclaring font encoding T1 on input line 43.
))
(/usr/local/texlive/2014/texmf-dist/tex/latex/psnfss/times.sty
Package: times 2005/04/12 PSNFSS-v9.2a (SPQR) 
)
(/Users/kuhna03/Library/texmf/tex/latex/zi4.sty
Package: zi4 2013/06/09 zi4a

(/usr/local/texlive/2014/texmf-dist/tex/latex/graphics/keyval.sty
Package: keyval 2014/05/08 v1.15 key=value parser (DPC)
\KV@toks@=\toks17
)
\zifour@ocount=\count93
)
(/usr/local/texlive/2014/texmf-dist/tex/latex/graphics/color.sty
Package: color 2014/04/23 v1.1a Standard LaTeX Color (DPC)

(/usr/local/texlive/2014/texmf-dist/tex/latex/latexconfig/color.cfg
File: color.cfg 2007/01/18 v1.5 color configuration of teTeX/TeXLive
)
Package color Info: Driver file: pdftex.def on input line 137.

(/usr/local/texlive/2014/texmf-dist/tex/latex/pdftex-def/pdftex.def
File: pdftex.def 2011/05/27 v0.06d Graphics/color for pdfTeX

(/usr/local/texlive/2014/texmf-dist/tex/generic/oberdiek/infwarerr.sty
Package: infwarerr 2010/04/08 v1.3 Providing info/warning/error messages (HO)
)
(/usr/local/texlive/2014/texmf-dist/tex/generic/oberdiek/ltxcmds.sty
Package: ltxcmds 2011/11/09 v1.22 LaTeX kernel commands for general use (HO)
)
\Gread@gobject=\count94
))
(/usr/local/texlive/2014/texmf-dist/tex/latex/hyperref/hyperref.sty
Package: hyperref 2012/11/06 v6.83m Hypertext links for LaTeX

(/usr/local/texlive/2014/texmf-dist/tex/generic/oberdiek/hobsub-hyperref.sty
Package: hobsub-hyperref 2012/05/28 v1.13 Bundle oberdiek, subset hyperref (HO)


(/usr/local/texlive/2014/texmf-dist/tex/generic/oberdiek/hobsub-generic.sty
Package: hobsub-generic 2012/05/28 v1.13 Bundle oberdiek, subset generic (HO)
Package: hobsub 2012/05/28 v1.13 Construct package bundles (HO)
Package hobsub Info: Skipping package `infwarerr' (already loaded).
Package hobsub Info: Skipping package `ltxcmds' (already loaded).
Package: ifluatex 2010/03/01 v1.3 Provides the ifluatex switch (HO)
Package ifluatex Info: LuaTeX not detected.
Package: ifvtex 2010/03/01 v1.5 Detect VTeX and its facilities (HO)
Package ifvtex Info: VTeX not detected.
Package: intcalc 2007/09/27 v1.1 Expandable calculations with integers (HO)
Package: ifpdf 2011/01/30 v2.3 Provides the ifpdf switch (HO)
Package ifpdf Info: pdfTeX in PDF mode is detected.
Package: etexcmds 2011/02/16 v1.5 Avoid name clashes with e-TeX commands (HO)
Package etexcmds Info: Could not find \expanded.
(etexcmds)             That can mean that you are not using pdfTeX 1.50 or
(etexcmds)             that some package has redefined \expanded.
(etexcmds)             In the latter case, load this package earlier.
Package: kvsetkeys 2012/04/25 v1.16 Key value parser (HO)
Package: kvdefinekeys 2011/04/07 v1.3 Define keys (HO)
Package: pdftexcmds 2011/11/29 v0.20 Utility functions of pdfTeX for LuaTeX (HO
)
Package pdftexcmds Info: LuaTeX not detected.
Package pdftexcmds Info: \pdf@primitive is available.
Package pdftexcmds Info: \pdf@ifprimitive is available.
Package pdftexcmds Info: \pdfdraftmode found.
Package: pdfescape 2011/11/25 v1.13 Implements pdfTeX's escape features (HO)
Package: bigintcalc 2012/04/08 v1.3 Expandable calculations on big integers (HO
)
Package: bitset 2011/01/30 v1.1 Handle bit-vector datatype (HO)
Package: uniquecounter 2011/01/30 v1.2 Provide unlimited unique counter (HO)
)
Package hobsub Info: Skipping package `hobsub' (already loaded).
Package: letltxmacro 2010/09/02 v1.4 Let assignment for LaTeX macros (HO)
Package: hopatch 2012/05/28 v1.2 Wrapper for package hooks (HO)
Package: xcolor-patch 2011/01/30 xcolor patch
Package: atveryend 2011/06/30 v1.8 Hooks at the very end of document (HO)
Package atveryend Info: \enddocument detected (standard20110627).
Package: atbegshi 2011/10/05 v1.16 At begin shipout hook (HO)
Package: refcount 2011/10/16 v3.4 Data extraction from label references (HO)
Package: hycolor 2011/01/30 v1.7 Color options for hyperref/bookmark (HO)
)
(/usr/local/texlive/2014/texmf-dist/tex/generic/ifxetex/ifxetex.sty
Package: ifxetex 2010/09/12 v0.6 Provides ifxetex conditional
)
(/usr/local/texlive/2014/texmf-dist/tex/latex/oberdiek/auxhook.sty
Package: auxhook 2011/03/04 v1.3 Hooks for auxiliary files (HO)
)
(/usr/local/texlive/2014/texmf-dist/tex/latex/oberdiek/kvoptions.sty
Package: kvoptions 2011/06/30 v3.11 Key value format for package options (HO)
)
\@linkdim=\dimen104
\Hy@linkcounter=\count95
\Hy@pagecounter=\count96

(/usr/local/texlive/2014/texmf-dist/tex/latex/hyperref/pd1enc.def
File: pd1enc.def 2012/11/06 v6.83m Hyperref: PDFDocEncoding definition (HO)
)
\Hy@SavedSpaceFactor=\count97

(/usr/local/texlive/2014/texmf-dist/tex/latex/latexconfig/hyperref.cfg
File: hyperref.cfg 2002/06/06 v1.2 hyperref configuration of TeXLive
)
Package hyperref Info: Hyper figures OFF on input line 4443.
Package hyperref Info: Link nesting OFF on input line 4448.
Package hyperref Info: Hyper index ON on input line 4451.
Package hyperref Info: Plain pages OFF on input line 4458.
Package hyperref Info: Backreferencing OFF on input line 4463.
Package hyperref Info: Implicit mode ON; LaTeX internals redefined.
Package hyperref Info: Bookmarks ON on input line 4688.
\c@Hy@tempcnt=\count98
LaTeX Info: Redefining \url on input line 5041.
\XeTeXLinkMargin=\dimen105
\Fld@menulength=\count99
\Field@Width=\dimen106
\Fld@charsize=\dimen107
Package hyperref Info: Hyper figures OFF on input line 6295.
Package hyperref Info: Link nesting OFF on input line 6300.
Package hyperref Info: Hyper index ON on input line 6303.
Package hyperref Info: backreferencing OFF on input line 6310.
Package hyperref Info: Link coloring OFF on input line 6315.
Package hyperref Info: Link coloring with OCG OFF on input line 6320.
Package hyperref Info: PDF/A mode OFF on input line 6325.
LaTeX Info: Redefining \ref on input line 6365.
LaTeX Info: Redefining \pageref on input line 6369.
\Hy@abspage=\count100
\c@Item=\count101
\c@Hfootnote=\count102
)

Package hyperref Message: Driver (autodetected): hpdftex.

(/usr/local/texlive/2014/texmf-dist/tex/latex/hyperref/hpdftex.def
File: hpdftex.def 2012/11/06 v6.83m Hyperref driver for pdfTeX
\Fld@listcount=\count103
\c@bookmark@seq@number=\count104

(/usr/local/texlive/2014/texmf-dist/tex/latex/oberdiek/rerunfilecheck.sty
Package: rerunfilecheck 2011/04/15 v1.7 Rerun checks for auxiliary files (HO)
Package uniquecounter Info: New unique counter `rerunfilecheck' on input line 2
82.
)
\Hy@SectionHShift=\skip48
)

Package hyperref Warning: Option `hyperindex' has already been used,
(hyperref)                setting the option has no effect on input line 366.

Package hyperref Info: Option `colorlinks' set `true' on input line 366.

Package hyperref Warning: Option `pagebackref' has already been used,
(hyperref)                setting the option has no effect on input line 366.

Package hyperref Info: Option `linktocpage' set `true' on input line 366.
Package hyperref Info: Option `plainpages' set `false' on input line 366.
) (/usr/local/texlive/2014/texmf-dist/tex/latex/base/makeidx.sty
Package: makeidx 2000/03/29 v1.0m Standard LaTeX package
)
(/usr/local/texlive/2014/texmf-dist/tex/latex/base/inputenc.sty
Package: inputenc 2014/04/30 v1.2b Input encoding file
\inpenc@prehook=\toks18
\inpenc@posthook=\toks19

(/usr/local/texlive/2014/texmf-dist/tex/latex/base/utf8.def
File: utf8.def 2008/04/05 v1.1m UTF-8 support for inputenc
Now handling font encoding OML ...
... no UTF-8 mapping file for font encoding OML
Now handling font encoding T1 ...
... processing UTF-8 mapping file for font encoding T1

(/usr/local/texlive/2014/texmf-dist/tex/latex/base/t1enc.dfu
File: t1enc.dfu 2008/04/05 v1.1m UTF-8 support for inputenc
   defining Unicode char U+00A1 (decimal 161)
   defining Unicode char U+00A3 (decimal 163)
   defining Unicode char U+00AB (decimal 171)
   defining Unicode char U+00BB (decimal 187)
   defining Unicode char U+00BF (decimal 191)
   defining Unicode char U+00C0 (decimal 192)
   defining Unicode char U+00C1 (decimal 193)
   defining Unicode char U+00C2 (decimal 194)
   defining Unicode char U+00C3 (decimal 195)
   defining Unicode char U+00C4 (decimal 196)
   defining Unicode char U+00C5 (decimal 197)
   defining Unicode char U+00C6 (decimal 198)
   defining Unicode char U+00C7 (decimal 199)
   defining Unicode char U+00C8 (decimal 200)
   defining Unicode char U+00C9 (decimal 201)
   defining Unicode char U+00CA (decimal 202)
   defining Unicode char U+00CB (decimal 203)
   defining Unicode char U+00CC (decimal 204)
   defining Unicode char U+00CD (decimal 205)
   defining Unicode char U+00CE (decimal 206)
   defining Unicode char U+00CF (decimal 207)
   defining Unicode char U+00D0 (decimal 208)
   defining Unicode char U+00D1 (decimal 209)
   defining Unicode char U+00D2 (decimal 210)
   defining Unicode char U+00D3 (decimal 211)
   defining Unicode char U+00D4 (decimal 212)
   defining Unicode char U+00D5 (decimal 213)
   defining Unicode char U+00D6 (decimal 214)
   defining Unicode char U+00D8 (decimal 216)
   defining Unicode char U+00D9 (decimal 217)
   defining Unicode char U+00DA (decimal 218)
   defining Unicode char U+00DB (decimal 219)
   defining Unicode char U+00DC (decimal 220)
   defining Unicode char U+00DD (decimal 221)
   defining Unicode char U+00DE (decimal 222)
   defining Unicode char U+00DF (decimal 223)
   defining Unicode char U+00E0 (decimal 224)
   defining Unicode char U+00E1 (decimal 225)
   defining Unicode char U+00E2 (decimal 226)
   defining Unicode char U+00E3 (decimal 227)
   defining Unicode char U+00E4 (decimal 228)
   defining Unicode char U+00E5 (decimal 229)
   defining Unicode char U+00E6 (decimal 230)
   defining Unicode char U+00E7 (decimal 231)
   defining Unicode char U+00E8 (decimal 232)
   defining Unicode char U+00E9 (decimal 233)
   defining Unicode char U+00EA (decimal 234)
   defining Unicode char U+00EB (decimal 235)
   defining Unicode char U+00EC (decimal 236)
   defining Unicode char U+00ED (decimal 237)
   defining Unicode char U+00EE (decimal 238)
   defining Unicode char U+00EF (decimal 239)
   defining Unicode char U+00F0 (decimal 240)
   defining Unicode char U+00F1 (decimal 241)
   defining Unicode char U+00F2 (decimal 242)
   defining Unicode char U+00F3 (decimal 243)
   defining Unicode char U+00F4 (decimal 244)
   defining Unicode char U+00F5 (decimal 245)
   defining Unicode char U+00F6 (decimal 246)
   defining Unicode char U+00F8 (decimal 248)
   defining Unicode char U+00F9 (decimal 249)
   defining Unicode char U+00FA (decimal 250)
   defining Unicode char U+00FB (decimal 251)
   defining Unicode char U+00FC (decimal 252)
   defining Unicode char U+00FD (decimal 253)
   defining Unicode char U+00FE (decimal 254)
   defining Unicode char U+00FF (decimal 255)
   defining Unicode char U+0102 (decimal 258)
   defining Unicode char U+0103 (decimal 259)
   defining Unicode char U+0104 (decimal 260)
   defining Unicode char U+0105 (decimal 261)
   defining Unicode char U+0106 (decimal 262)
   defining Unicode char U+0107 (decimal 263)
   defining Unicode char U+010C (decimal 268)
   defining Unicode char U+010D (decimal 269)
   defining Unicode char U+010E (decimal 270)
   defining Unicode char U+010F (decimal 271)
   defining Unicode char U+0110 (decimal 272)
   defining Unicode char U+0111 (decimal 273)
   defining Unicode char U+0118 (decimal 280)
   defining Unicode char U+0119 (decimal 281)
   defining Unicode char U+011A (decimal 282)
   defining Unicode char U+011B (decimal 283)
   defining Unicode char U+011E (decimal 286)
   defining Unicode char U+011F (decimal 287)
   defining Unicode char U+0130 (decimal 304)
   defining Unicode char U+0131 (decimal 305)
   defining Unicode char U+0132 (decimal 306)
   defining Unicode char U+0133 (decimal 307)
   defining Unicode char U+0139 (decimal 313)
   defining Unicode char U+013A (decimal 314)
   defining Unicode char U+013D (decimal 317)
   defining Unicode char U+013E (decimal 318)
   defining Unicode char U+0141 (decimal 321)
   defining Unicode char U+0142 (decimal 322)
   defining Unicode char U+0143 (decimal 323)
   defining Unicode char U+0144 (decimal 324)
   defining Unicode char U+0147 (decimal 327)
   defining Unicode char U+0148 (decimal 328)
   defining Unicode char U+014A (decimal 330)
   defining Unicode char U+014B (decimal 331)
   defining Unicode char U+0150 (decimal 336)
   defining Unicode char U+0151 (decimal 337)
   defining Unicode char U+0152 (decimal 338)
   defining Unicode char U+0153 (decimal 339)
   defining Unicode char U+0154 (decimal 340)
   defining Unicode char U+0155 (decimal 341)
   defining Unicode char U+0158 (decimal 344)
   defining Unicode char U+0159 (decimal 345)
   defining Unicode char U+015A (decimal 346)
   defining Unicode char U+015B (decimal 347)
   defining Unicode char U+015E (decimal 350)
   defining Unicode char U+015F (decimal 351)
   defining Unicode char U+0160 (decimal 352)
   defining Unicode char U+0161 (decimal 353)
   defining Unicode char U+0162 (decimal 354)
   defining Unicode char U+0163 (decimal 355)
   defining Unicode char U+0164 (decimal 356)
   defining Unicode char U+0165 (decimal 357)
   defining Unicode char U+016E (decimal 366)
   defining Unicode char U+016F (decimal 367)
   defining Unicode char U+0170 (decimal 368)
   defining Unicode char U+0171 (decimal 369)
   defining Unicode char U+0178 (decimal 376)
   defining Unicode char U+0179 (decimal 377)
   defining Unicode char U+017A (decimal 378)
   defining Unicode char U+017B (decimal 379)
   defining Unicode char U+017C (decimal 380)
   defining Unicode char U+017D (decimal 381)
   defining Unicode char U+017E (decimal 382)
   defining Unicode char U+200C (decimal 8204)
   defining Unicode char U+2013 (decimal 8211)
   defining Unicode char U+2014 (decimal 8212)
   defining Unicode char U+2018 (decimal 8216)
   defining Unicode char U+2019 (decimal 8217)
   defining Unicode char U+201A (decimal 8218)
   defining Unicode char U+201C (decimal 8220)
   defining Unicode char U+201D (decimal 8221)
   defining Unicode char U+201E (decimal 8222)
   defining Unicode char U+2030 (decimal 8240)
   defining Unicode char U+2031 (decimal 8241)
   defining Unicode char U+2039 (decimal 8249)
   defining Unicode char U+203A (decimal 8250)
   defining Unicode char U+2423 (decimal 9251)
)
Now handling font encoding OT1 ...
... processing UTF-8 mapping file for font encoding OT1

(/usr/local/texlive/2014/texmf-dist/tex/latex/base/ot1enc.dfu
File: ot1enc.dfu 2008/04/05 v1.1m UTF-8 support for inputenc
   defining Unicode char U+00A1 (decimal 161)
   defining Unicode char U+00A3 (decimal 163)
   defining Unicode char U+00B8 (decimal 184)
   defining Unicode char U+00BF (decimal 191)
   defining Unicode char U+00C5 (decimal 197)
   defining Unicode char U+00C6 (decimal 198)
   defining Unicode char U+00D8 (decimal 216)
   defining Unicode char U+00DF (decimal 223)
   defining Unicode char U+00E6 (decimal 230)
   defining Unicode char U+00EC (decimal 236)
   defining Unicode char U+00ED (decimal 237)
   defining Unicode char U+00EE (decimal 238)
   defining Unicode char U+00EF (decimal 239)
   defining Unicode char U+00F8 (decimal 248)
   defining Unicode char U+0131 (decimal 305)
   defining Unicode char U+0141 (decimal 321)
   defining Unicode char U+0142 (decimal 322)
   defining Unicode char U+0152 (decimal 338)
   defining Unicode char U+0153 (decimal 339)
   defining Unicode char U+2013 (decimal 8211)
   defining Unicode char U+2014 (decimal 8212)
   defining Unicode char U+2018 (decimal 8216)
   defining Unicode char U+2019 (decimal 8217)
   defining Unicode char U+201C (decimal 8220)
   defining Unicode char U+201D (decimal 8221)
)
Now handling font encoding OMS ...
... processing UTF-8 mapping file for font encoding OMS

(/usr/local/texlive/2014/texmf-dist/tex/latex/base/omsenc.dfu
File: omsenc.dfu 2008/04/05 v1.1m UTF-8 support for inputenc
   defining Unicode char U+00A7 (decimal 167)
   defining Unicode char U+00B6 (decimal 182)
   defining Unicode char U+00B7 (decimal 183)
   defining Unicode char U+2020 (decimal 8224)
   defining Unicode char U+2021 (decimal 8225)
   defining Unicode char U+2022 (decimal 8226)
)
Now handling font encoding OMX ...
... no UTF-8 mapping file for font encoding OMX
Now handling font encoding U ...
... no UTF-8 mapping file for font encoding U
Now handling font encoding TS1 ...
... processing UTF-8 mapping file for font encoding TS1

(/usr/local/texlive/2014/texmf-dist/tex/latex/base/ts1enc.dfu
File: ts1enc.dfu 2008/04/05 v1.1m UTF-8 support for inputenc
   defining Unicode char U+00A2 (decimal 162)
   defining Unicode char U+00A3 (decimal 163)
   defining Unicode char U+00A4 (decimal 164)
   defining Unicode char U+00A5 (decimal 165)
   defining Unicode char U+00A6 (decimal 166)
   defining Unicode char U+00A7 (decimal 167)
   defining Unicode char U+00A8 (decimal 168)
   defining Unicode char U+00A9 (decimal 169)
   defining Unicode char U+00AA (decimal 170)
   defining Unicode char U+00AC (decimal 172)
   defining Unicode char U+00AE (decimal 174)
   defining Unicode char U+00AF (decimal 175)
   defining Unicode char U+00B0 (decimal 176)
   defining Unicode char U+00B1 (decimal 177)
   defining Unicode char U+00B2 (decimal 178)
   defining Unicode char U+00B3 (decimal 179)
   defining Unicode char U+00B4 (decimal 180)
   defining Unicode char U+00B5 (decimal 181)
   defining Unicode char U+00B6 (decimal 182)
   defining Unicode char U+00B7 (decimal 183)
   defining Unicode char U+00B9 (decimal 185)
   defining Unicode char U+00BA (decimal 186)
   defining Unicode char U+00BC (decimal 188)
   defining Unicode char U+00BD (decimal 189)
   defining Unicode char U+00BE (decimal 190)
   defining Unicode char U+00D7 (decimal 215)
   defining Unicode char U+00F7 (decimal 247)
   defining Unicode char U+0192 (decimal 402)
   defining Unicode char U+02C7 (decimal 711)
   defining Unicode char U+02D8 (decimal 728)
   defining Unicode char U+02DD (decimal 733)
   defining Unicode char U+0E3F (decimal 3647)
   defining Unicode char U+2016 (decimal 8214)
   defining Unicode char U+2020 (decimal 8224)
   defining Unicode char U+2021 (decimal 8225)
   defining Unicode char U+2022 (decimal 8226)
   defining Unicode char U+2030 (decimal 8240)
   defining Unicode char U+2031 (decimal 8241)
   defining Unicode char U+203B (decimal 8251)
   defining Unicode char U+203D (decimal 8253)
   defining Unicode char U+2044 (decimal 8260)
   defining Unicode char U+204E (decimal 8270)
   defining Unicode char U+2052 (decimal 8274)
   defining Unicode char U+20A1 (decimal 8353)
   defining Unicode char U+20A4 (decimal 8356)
   defining Unicode char U+20A6 (decimal 8358)
   defining Unicode char U+20A9 (decimal 8361)
   defining Unicode char U+20AB (decimal 8363)
   defining Unicode char U+20AC (decimal 8364)
   defining Unicode char U+20B1 (decimal 8369)
   defining Unicode char U+2103 (decimal 8451)
   defining Unicode char U+2116 (decimal 8470)
   defining Unicode char U+2117 (decimal 8471)
   defining Unicode char U+211E (decimal 8478)
   defining Unicode char U+2120 (decimal 8480)
   defining Unicode char U+2122 (decimal 8482)
   defining Unicode char U+2126 (decimal 8486)
   defining Unicode char U+2127 (decimal 8487)
   defining Unicode char U+212E (decimal 8494)
   defining Unicode char U+2190 (decimal 8592)
   defining Unicode char U+2191 (decimal 8593)
   defining Unicode char U+2192 (decimal 8594)
   defining Unicode char U+2193 (decimal 8595)
   defining Unicode char U+2329 (decimal 9001)
   defining Unicode char U+232A (decimal 9002)
   defining Unicode char U+2422 (decimal 9250)
   defining Unicode char U+25E6 (decimal 9702)
   defining Unicode char U+25EF (decimal 9711)
   defining Unicode char U+266A (decimal 9834)
)
Now handling font encoding PD1 ...
... no UTF-8 mapping file for font encoding PD1
   defining Unicode char U+00A9 (decimal 169)
   defining Unicode char U+00AA (decimal 170)
   defining Unicode char U+00AE (decimal 174)
   defining Unicode char U+00BA (decimal 186)
   defining Unicode char U+02C6 (decimal 710)
   defining Unicode char U+02DC (decimal 732)
   defining Unicode char U+200C (decimal 8204)
   defining Unicode char U+2026 (decimal 8230)
   defining Unicode char U+2122 (decimal 8482)
   defining Unicode char U+2423 (decimal 9251)
)
(/usr/local/texlive/2014/texmf-dist/tex/latex/base/latin1.def
File: latin1.def 2014/04/30 v1.2b Input encoding file
))
\@indexfile=\write3
\openout3 = `Rd2.idx'.


Writing index file Rd2.idx
(./Rd2.aux)
\openout1 = `Rd2.aux'.

LaTeX Font Info:    Checking defaults for OML/cmm/m/it on input line 8.
LaTeX Font Info:    ... okay on input line 8.
LaTeX Font Info:    Checking defaults for T1/cmr/m/n on input line 8.
LaTeX Font Info:    ... okay on input line 8.
LaTeX Font Info:    Checking defaults for OT1/cmr/m/n on input line 8.
LaTeX Font Info:    ... okay on input line 8.
LaTeX Font Info:    Checking defaults for OMS/cmsy/m/n on input line 8.
LaTeX Font Info:    ... okay on input line 8.
LaTeX Font Info:    Checking defaults for OMX/cmex/m/n on input line 8.
LaTeX Font Info:    ... okay on input line 8.
LaTeX Font Info:    Checking defaults for U/cmr/m/n on input line 8.
LaTeX Font Info:    ... okay on input line 8.
LaTeX Font Info:    Checking defaults for TS1/cmr/m/n on input line 8.
LaTeX Font Info:    Try loading font information for TS1+cmr on input line 8.
 (/usr/local/texlive/2014/texmf-dist/tex/latex/base/ts1cmr.fd
File: ts1cmr.fd 1999/05/25 v2.5h Standard LaTeX font definitions
)
LaTeX Font Info:    ... okay on input line 8.
LaTeX Font Info:    Checking defaults for PD1/pdf/m/n on input line 8.
LaTeX Font Info:    ... okay on input line 8.
LaTeX Font Info:    Try loading font information for T1+ptm on input line 8.

(/usr/local/texlive/2014/texmf-dist/tex/latex/psnfss/t1ptm.fd
File: t1ptm.fd 2001/06/04 font definitions for T1/ptm.
)
(/usr/local/texlive/2014/texmf-dist/tex/context/base/supp-pdf.mkii
[Loading MPS to PDF converter (version 2006.09.02).]
\scratchcounter=\count105
\scratchdimen=\dimen108
\scratchbox=\box30
\nofMPsegments=\count106
\nofMParguments=\count107
\everyMPshowfont=\toks20
\MPscratchCnt=\count108
\MPscratchDim=\dimen109
\MPnumerator=\count109
\makeMPintoPDFobject=\count110
\everyMPtoPDFconversion=\toks21
)
\AtBeginShipoutBox=\box31
Package hyperref Info: Link coloring ON on input line 8.
 (/usr/local/texlive/2014/texmf-dist/tex/latex/hyperref/nameref.sty
Package: nameref 2012/10/27 v2.43 Cross-referencing by name of section

(/usr/local/texlive/2014/texmf-dist/tex/generic/oberdiek/gettitlestring.sty
Package: gettitlestring 2010/12/03 v1.4 Cleanup title references (HO)
)
\c@section@level=\count111
)
LaTeX Info: Redefining \ref on input line 8.
LaTeX Info: Redefining \pageref on input line 8.
LaTeX Info: Redefining \nameref on input line 8.

(./Rd2.out) (./Rd2.out)
\@outlinefile=\write4
\openout4 = `Rd2.out'.

LaTeX Font Info:    Font shape `T1/ptm/bx/n' in size <24.88> not available
(Font)              Font shape `T1/ptm/b/n' tried instead on input line 9.
LaTeX Font Info:    Font shape `T1/ptm/bx/n' in size <10> not available
(Font)              Font shape `T1/ptm/b/n' tried instead on input line 11.
LaTeX Font Info:    Font shape `T1/ptm/bx/n' in size <20.74> not available
(Font)              Font shape `T1/ptm/b/n' tried instead on input line 11.
LaTeX Font Info:    Try loading font information for T1+zi4 on input line 25.
 (/Users/kuhna03/Library/texmf/tex/latex/t1zi4.fd
File: t1zi4.fd 2013/06/09 T1/zi4 (Inconsolata)
)
LaTeX Font Info:    External font `cmex10' loaded for size
(Font)              <7> on input line 27.
LaTeX Font Info:    External font `cmex10' loaded for size
(Font)              <5> on input line 27.
LaTeX Font Info:    Font shape `T1/ptm/bx/n' in size <14.4> not available
(Font)              Font shape `T1/ptm/b/n' tried instead on input line 39.
LaTeX Font Info:    Try loading font information for T1+phv on input line 39.

(/usr/local/texlive/2014/texmf-dist/tex/latex/psnfss/t1phv.fd
File: t1phv.fd 2001/06/04 scalable font definitions for T1/phv.
) (./Rd2.toc
[1


{/usr/local/texlive/2014/texmf-var/fonts/map/pdftex/updmap/pdftex.map}]
[2])
\tf@toc=\write5
\openout5 = `Rd2.toc'.

 (/usr/local/texlive/2014/texmf-dist/tex/latex/base/utf8.def
File: utf8.def 2008/04/05 v1.1m UTF-8 support for inputenc
)
LaTeX Font Info:    Try loading font information for TS1+zi4 on input line 51.

(/Users/kuhna03/Library/texmf/tex/latex/ts1zi4.fd
File: ts1zi4.fd 2013/06/07 Fontinst v1.933 font definitions for TS1/zi4.
) [3]
(/usr/local/texlive/2014/texmf-dist/tex/latex/base/utf8.def
File: utf8.def 2008/04/05 v1.1m UTF-8 support for inputenc
) [4] [5]
(/usr/local/texlive/2014/texmf-dist/tex/latex/base/utf8.def
File: utf8.def 2008/04/05 v1.1m UTF-8 support for inputenc
) [6] [7] [8]
(/usr/local/texlive/2014/texmf-dist/tex/latex/base/utf8.def
File: utf8.def 2008/04/05 v1.1m UTF-8 support for inputenc
) [9]
(/usr/local/texlive/2014/texmf-dist/tex/latex/base/utf8.def
File: utf8.def 2008/04/05 v1.1m UTF-8 support for inputenc
) [10] [11]
(/usr/local/texlive/2014/texmf-dist/tex/latex/base/utf8.def
File: utf8.def 2008/04/05 v1.1m UTF-8 support for inputenc
)
(/usr/local/texlive/2014/texmf-dist/tex/latex/base/utf8.def
File: utf8.def 2008/04/05 v1.1m UTF-8 support for inputenc
) [12] [13]
(/usr/local/texlive/2014/texmf-dist/tex/latex/base/utf8.def
File: utf8.def 2008/04/05 v1.1m UTF-8 support for inputenc
) [14]
Overfull \hbox (48.679pt too wide) in paragraph at lines 785--786
[]\T1/ptm/m/n/10 options to pass through to [][]\T1/zi4/m/n/10 xyplot[][][] \T1
/ptm/m/n/10 or the panel func-tion (not used in \T1/zi4/m/n/10 calibration.form
ula\T1/ptm/m/n/10 ). 
 []

[15]
Overfull \hbox (20.9791pt too wide) in paragraph at lines 804--805
\T1/ptm/m/n/10 func-tions, [][]\T1/zi4/m/n/10 trellis.par.set[][][] \T1/ptm/m/n
/10 or other means. \T1/zi4/m/n/10 calibration \T1/ptm/m/n/10 uses the panel fu
nc-tion [][]\T1/zi4/m/n/10 panel.calibration[][][]
 []

[16] (/usr/local/texlive/2014/texmf-dist/tex/latex/base/utf8.def
File: utf8.def 2008/04/05 v1.1m UTF-8 support for inputenc
) [17]
Overfull \hbox (10.68091pt too wide) in paragraph at lines 973--973
 []\T1/zi4/m/n/9 example2$PctLoss <- (max(example2$Rsquared) - example2$Rsquare
d)/max(example2$Rsquared)*100[] 
 []

[18] (/usr/local/texlive/2014/texmf-dist/tex/latex/base/utf8.def
File: utf8.def 2008/04/05 v1.1m UTF-8 support for inputenc
)
Overfull \hbox (26.2892pt too wide) in paragraph at lines 1028--1029
[]\T1/ptm/m/n/10 More de-tails on these func-tions can be found at [][]$\T1/zi4
/m/n/10 http : / / topepo . github . io / caret / featureselection .
 []

[19] (/usr/local/texlive/2014/texmf-dist/tex/latex/base/utf8.def
File: utf8.def 2008/04/05 v1.1m UTF-8 support for inputenc
)
Overfull \hbox (20.71103pt too wide) in paragraph at lines 1064--1065
\T1/zi4/m/n/10 Buick\T1/ptm/m/n/10 , \T1/zi4/m/n/10 Cadillac\T1/ptm/m/n/10 , \T
1/zi4/m/n/10 Chevy\T1/ptm/m/n/10 , \T1/zi4/m/n/10 Pontiac\T1/ptm/m/n/10 , \T1/z
i4/m/n/10 Saab\T1/ptm/m/n/10 , \T1/zi4/m/n/10 Saturn\T1/ptm/m/n/10 , \T1/zi4/m/
n/10 convertible\T1/ptm/m/n/10 , \T1/zi4/m/n/10 coupe\T1/ptm/m/n/10 , \T1/zi4/m
/n/10 hatchback\T1/ptm/m/n/10 ,
 []

(/usr/local/texlive/2014/texmf-dist/tex/latex/base/utf8.def
File: utf8.def 2008/04/05 v1.1m UTF-8 support for inputenc
) [20] [21]
(/usr/local/texlive/2014/texmf-dist/tex/latex/base/utf8.def
File: utf8.def 2008/04/05 v1.1m UTF-8 support for inputenc
) [22]
Overfull \hbox (37.82495pt too wide) detected at line 1234
\OML/cmm/m/it/10 PPV \OT1/cmr/m/n/10 = (\OML/cmm/m/it/10 sensitivity \OMS/cmsy/
m/n/10 ^^C \OML/cmm/m/it/10 Prevalence\OT1/cmr/m/n/10 )\OML/cmm/m/it/10 =\OT1/c
mr/m/n/10 ((\OML/cmm/m/it/10 sensitivity \OMS/cmsy/m/n/10 ^^C \OML/cmm/m/it/10 
Prevalence\OT1/cmr/m/n/10 ) + ((1 \OMS/cmsy/m/n/10 ^^@ \OML/cmm/m/it/10 specifi
city\OT1/cmr/m/n/10 ) \OMS/cmsy/m/n/10 ^^C \OT1/cmr/m/n/10 (1 \OMS/cmsy/m/n/10 
^^@ \OML/cmm/m/it/10 Prevalence\OT1/cmr/m/n/10 )))
 []


Overfull \hbox (67.62596pt too wide) detected at line 1235
\OML/cmm/m/it/10 NPV \OT1/cmr/m/n/10 = (\OML/cmm/m/it/10 specificity \OMS/cmsy/
m/n/10 ^^C \OT1/cmr/m/n/10 (1 \OMS/cmsy/m/n/10 ^^@ \OML/cmm/m/it/10 Prevalence\
OT1/cmr/m/n/10 ))\OML/cmm/m/it/10 =\OT1/cmr/m/n/10 (((1 \OMS/cmsy/m/n/10 ^^@ \O
ML/cmm/m/it/10 sensitivity\OT1/cmr/m/n/10 ) \OMS/cmsy/m/n/10 ^^C \OML/cmm/m/it/
10 Prevalence\OT1/cmr/m/n/10 ) + ((\OML/cmm/m/it/10 specificity\OT1/cmr/m/n/10 
) \OMS/cmsy/m/n/10 ^^C \OT1/cmr/m/n/10 (1 \OMS/cmsy/m/n/10 ^^@ \OML/cmm/m/it/10
 Prevalence\OT1/cmr/m/n/10 )))
 []

[23]
Overfull \hbox (40.36096pt too wide) in paragraph at lines 1284--1287
[][][]\T1/zi4/m/n/10 as.table.confusionMatrix[][][]\T1/ptm/m/n/10 , [][]\T1/zi4
/m/n/10 as.matrix.confusionMatrix[][][]\T1/ptm/m/n/10 , [][]\T1/zi4/m/n/10 sens
itivity[][][]\T1/ptm/m/n/10 , [][]\T1/zi4/m/n/10 specificity[][][]\T1/ptm/m/n/1
0 , [][]\T1/zi4/m/n/10 posPredValue[][][]\T1/ptm/m/n/10 ,
 []

(/usr/local/texlive/2014/texmf-dist/tex/latex/base/utf8.def
File: utf8.def 2008/04/05 v1.1m UTF-8 support for inputenc
) [24] [25]
(/usr/local/texlive/2014/texmf-dist/tex/latex/base/utf8.def
File: utf8.def 2008/04/05 v1.1m UTF-8 support for inputenc
) [26]
(/usr/local/texlive/2014/texmf-dist/tex/latex/base/utf8.def
File: utf8.def 2008/04/05 v1.1m UTF-8 support for inputenc
)
Overfull \hbox (30.39781pt too wide) in paragraph at lines 1450--1455
\T1/ptm/m/n/10 cre-ates one or more boot-strap sam-ples. \T1/zi4/m/n/10 createF
olds \T1/ptm/m/n/10 splits the data into \T1/zi4/m/n/10 k \T1/ptm/m/n/10 groups
 while \T1/zi4/m/n/10 createTimeSlices
 []

[27]
Overfull \hbox (1.79832pt too wide) in paragraph at lines 1534--1535
[]\T1/ptm/m/n/10 Hyndman and Athana-sopou-los (2013), Fore-cast-ing: prin-ci-pl
es and prac-tice. [][]$\T1/zi4/m/n/10 https : / / www . otexts .
 []

[28] (/usr/local/texlive/2014/texmf-dist/tex/latex/base/utf8.def
File: utf8.def 2008/04/05 v1.1m UTF-8 support for inputenc
)
(/usr/local/texlive/2014/texmf-dist/tex/latex/base/utf8.def
File: utf8.def 2008/04/05 v1.1m UTF-8 support for inputenc
) [29]
Overfull \hbox (53.52841pt too wide) in paragraph at lines 1638--1639
[]\T1/ptm/m/n/10 When a Bon-fer-roni cor-rec-tion is used, the con-fi-dence lev
el is changed from \T1/zi4/m/n/10 confLevel \T1/ptm/m/n/10 to \T1/zi4/m/n/10 1-
((1-confLevel)/p)
 []

[30]
Overfull \hbox (5.00658pt too wide) in paragraph at lines 1672--1673
[]\T1/ptm/m/n/10 Eugster et al. Ex-ploratory and in-fer-en-tial anal-y-sis of b
ench-mark ex-per-i-ments. Ludwigs-Maximilians-
 []


Overfull \hbox (10.84094pt too wide) in paragraph at lines 1676--1677
[][][]\T1/zi4/m/n/10 resamples[][][]\T1/ptm/m/n/10 , [][]\T1/zi4/m/n/10 dotplot
.diff.resamples[][][]\T1/ptm/m/n/10 , [][]\T1/zi4/m/n/10 densityplot.diff.resam
ples[][][]\T1/ptm/m/n/10 , [][]\T1/zi4/m/n/10 bwplot.diff.resamples[][][]\T1/pt
m/m/n/10 ,
 []

(/usr/local/texlive/2014/texmf-dist/tex/latex/base/utf8.def
File: utf8.def 2008/04/05 v1.1m UTF-8 support for inputenc
) [31]
(/usr/local/texlive/2014/texmf-dist/tex/latex/base/utf8.def
File: utf8.def 2008/04/05 v1.1m UTF-8 support for inputenc
) [32]
Overfull \hbox (9.89763pt too wide) in paragraph at lines 1787--1788
[]\T1/zi4/m/n/10 densityplot \T1/ptm/m/n/10 and \T1/zi4/m/n/10 bwplot \T1/ptm/m
/n/10 dis-play uni-vari-ate vi-su-al-iza-tions of the re-sam-pling dis-tri-bu-t
ions. \T1/zi4/m/n/10 levelplot
 []

[33] (/usr/local/texlive/2014/texmf-dist/tex/latex/base/utf8.def
File: utf8.def 2008/04/05 v1.1m UTF-8 support for inputenc
)
(/usr/local/texlive/2014/texmf-dist/tex/latex/base/utf8.def
File: utf8.def 2008/04/05 v1.1m UTF-8 support for inputenc
) [34]
Overfull \hbox (21.39792pt too wide) in paragraph at lines 1929--1930
[]\T1/ptm/m/n/10 An op-tional sep-a-ra-tor be-tween fac-tor vari-able names and
 their lev-els. Use \T1/zi4/m/n/10 sep = NULL
 []

[35] [36]
Overfull \hbox (17.28088pt too wide) in paragraph at lines 2026--2027
[][][]$\T1/zi4/m/n/10 http : / / cran . r-[]project . org / doc / manuals / R-[
]intro . html # Formulae-[]for-[]statistical-[]models$[][] 
 []

(/usr/local/texlive/2014/texmf-dist/tex/latex/base/utf8.def
File: utf8.def 2008/04/05 v1.1m UTF-8 support for inputenc
) [37]
(/usr/local/texlive/2014/texmf-dist/tex/latex/base/utf8.def
File: utf8.def 2008/04/05 v1.1m UTF-8 support for inputenc
) [38] [39]
(/usr/local/texlive/2014/texmf-dist/tex/latex/base/utf8.def
File: utf8.def 2008/04/05 v1.1m UTF-8 support for inputenc
) [40]
(/usr/local/texlive/2014/texmf-dist/tex/latex/base/utf8.def
File: utf8.def 2008/04/05 v1.1m UTF-8 support for inputenc
) [41]
(/usr/local/texlive/2014/texmf-dist/tex/latex/base/utf8.def
File: utf8.def 2008/04/05 v1.1m UTF-8 support for inputenc
) [42]
(/usr/local/texlive/2014/texmf-dist/tex/latex/base/utf8.def
File: utf8.def 2008/04/05 v1.1m UTF-8 support for inputenc
) [43] [44] [45]
(/usr/local/texlive/2014/texmf-dist/tex/latex/base/utf8.def
File: utf8.def 2008/04/05 v1.1m UTF-8 support for inputenc
) [46] [47]
(/usr/local/texlive/2014/texmf-dist/tex/latex/base/utf8.def
File: utf8.def 2008/04/05 v1.1m UTF-8 support for inputenc
) [48]
(/usr/local/texlive/2014/texmf-dist/tex/latex/base/utf8.def
File: utf8.def 2008/04/05 v1.1m UTF-8 support for inputenc
)
(/usr/local/texlive/2014/texmf-dist/tex/latex/base/utf8.def
File: utf8.def 2008/04/05 v1.1m UTF-8 support for inputenc
) [49] [50]
(/usr/local/texlive/2014/texmf-dist/tex/latex/base/utf8.def
File: utf8.def 2008/04/05 v1.1m UTF-8 support for inputenc
) [51] [52]
(/usr/local/texlive/2014/texmf-dist/tex/latex/base/utf8.def
File: utf8.def 2008/04/05 v1.1m UTF-8 support for inputenc
)
(/usr/local/texlive/2014/texmf-dist/tex/latex/base/utf8.def
File: utf8.def 2008/04/05 v1.1m UTF-8 support for inputenc
) [53] [54]
Overfull \hbox (25.77856pt too wide) in paragraph at lines 3021--3025
[][][]\T1/zi4/m/n/10 knn[][][] \T1/ptm/m/n/10 by W. N. Ven-ables and B. D. Rip-
ley and [][]\T1/zi4/m/n/10 ipredknn[][][] \T1/ptm/m/n/10 by Torsten.Hothorn <To
rsten.Hothorn@rzmail.uni-
 []

(/usr/local/texlive/2014/texmf-dist/tex/latex/base/utf8.def
File: utf8.def 2008/04/05 v1.1m UTF-8 support for inputenc
) [55]
Overfull \hbox (25.77856pt too wide) in paragraph at lines 3115--3119
[][][]\T1/zi4/m/n/10 knn[][][] \T1/ptm/m/n/10 by W. N. Ven-ables and B. D. Rip-
ley and [][]\T1/zi4/m/n/10 ipredknn[][][] \T1/ptm/m/n/10 by Torsten.Hothorn <To
rsten.Hothorn@rzmail.uni-
 []

(/usr/local/texlive/2014/texmf-dist/tex/latex/base/utf8.def
File: utf8.def 2008/04/05 v1.1m UTF-8 support for inputenc
) [56] [57]
(/usr/local/texlive/2014/texmf-dist/tex/latex/base/utf8.def
File: utf8.def 2008/04/05 v1.1m UTF-8 support for inputenc
) [58]
Overfull \hbox (3.40756pt too wide) in paragraph at lines 3279--3280
[]\T1/ptm/m/n/10 which data were used to cal-cu-late per-for-mance. Val-ues are
 "Re-sam-pling", "Train-
 []

[59] (/usr/local/texlive/2014/texmf-dist/tex/latex/base/utf8.def
File: utf8.def 2008/04/05 v1.1m UTF-8 support for inputenc
) [60]
Overfull \hbox (13.679pt too wide) in paragraph at lines 3374--3375
[]\T1/ptm/m/n/10 options to pass through to [][]\T1/zi4/m/n/10 xyplot[][][] \T1
/ptm/m/n/10 or the panel func-tion (not used in \T1/zi4/m/n/10 lift.formula\T1/
ptm/m/n/10 ). 
 []

[61] (/usr/local/texlive/2014/texmf-dist/tex/latex/base/utf8.def
File: utf8.def 2008/04/05 v1.1m UTF-8 support for inputenc
) [62] [63]
(/usr/local/texlive/2014/texmf-dist/tex/latex/base/utf8.def
File: utf8.def 2008/04/05 v1.1m UTF-8 support for inputenc
) [64]
(/usr/local/texlive/2014/texmf-dist/tex/latex/base/utf8.def
File: utf8.def 2008/04/05 v1.1m UTF-8 support for inputenc
)
Overfull \hbox (20.94794pt too wide) in paragraph at lines 3636--3637
[]\T1/zi4/m/n/10 modelLookup \T1/ptm/m/n/10 is good for get-ting in-for-ma-tion
 re-lated to the tun-ing pa-ram-e-ters for a model. \T1/zi4/m/n/10 getModelInfo

 []

[65] (/usr/local/texlive/2014/texmf-dist/tex/latex/base/utf8.def
File: utf8.def 2008/04/05 v1.1m UTF-8 support for inputenc
) [66] [67]
(/usr/local/texlive/2014/texmf-dist/tex/latex/base/utf8.def
File: utf8.def 2008/04/05 v1.1m UTF-8 support for inputenc
) [68]
(/usr/local/texlive/2014/texmf-dist/tex/latex/base/utf8.def
File: utf8.def 2008/04/05 v1.1m UTF-8 support for inputenc
)
Overfull \hbox (8.52673pt too wide) in paragraph at lines 3880--3881
[]\T1/ptm/m/n/10 data frame of fatty acid com-po-si-tions: Palmitic, Stearic, O
leic, Linoleic, Linolenic,
 []

[69] (/usr/local/texlive/2014/texmf-dist/tex/latex/base/utf8.def
File: utf8.def 2008/04/05 v1.1m UTF-8 support for inputenc
) [70] [71]
(/usr/local/texlive/2014/texmf-dist/tex/latex/base/utf8.def
File: utf8.def 2008/04/05 v1.1m UTF-8 support for inputenc
) [72]
(/usr/local/texlive/2014/texmf-dist/tex/latex/base/utf8.def
File: utf8.def 2008/04/05 v1.1m UTF-8 support for inputenc
) [73]
(/usr/local/texlive/2014/texmf-dist/tex/latex/base/utf8.def
File: utf8.def 2008/04/05 v1.1m UTF-8 support for inputenc
) [74]
(/usr/local/texlive/2014/texmf-dist/tex/latex/base/utf8.def
File: utf8.def 2008/04/05 v1.1m UTF-8 support for inputenc
) [75] [76]
(/usr/local/texlive/2014/texmf-dist/tex/latex/base/utf8.def
File: utf8.def 2008/04/05 v1.1m UTF-8 support for inputenc
) [77]
(/usr/local/texlive/2014/texmf-dist/tex/latex/base/utf8.def
File: utf8.def 2008/04/05 v1.1m UTF-8 support for inputenc
) [78] [79]
(/usr/local/texlive/2014/texmf-dist/tex/latex/base/utf8.def
File: utf8.def 2008/04/05 v1.1m UTF-8 support for inputenc
)
Overfull \hbox (18.78088pt too wide) in paragraph at lines 4511--4511
 []\T1/zi4/m/n/10 ggplot(data, mapping = NULL, top = dim(data$importance)[1],  
..., environment = NULL)[] 
 []

[80] (/usr/local/texlive/2014/texmf-dist/tex/latex/base/utf8.def
File: utf8.def 2008/04/05 v1.1m UTF-8 support for inputenc
)
Overfull \hbox (7.00854pt too wide) in paragraph at lines 4566--4569
\T1/ptm/m/n/10 "rpart", "nnet" etc), \T1/zi4/m/n/10 dataType \T1/ptm/m/n/10 (e.
g. "Train-ing", "Test" etc) and op-tion-ally \T1/zi4/m/n/10 objects
 []

[81] [82] (/usr/local/texlive/2014/texmf-dist/tex/latex/base/utf8.def
File: utf8.def 2008/04/05 v1.1m UTF-8 support for inputenc
) [83]
(/usr/local/texlive/2014/texmf-dist/tex/latex/base/utf8.def
File: utf8.def 2008/04/05 v1.1m UTF-8 support for inputenc
) [84]
Overfull \hbox (19.07855pt too wide) in paragraph at lines 4758--4759
[]\T1/ptm/m/n/10 a vec-tor or prior prob-a-bil-i-ties for the classes (only use
d for \T1/zi4/m/n/10 probeMethod = "Bayes"\T1/ptm/m/n/10 ) 
 []

[85] [86] (/usr/local/texlive/2014/texmf-dist/tex/latex/base/utf8.def
File: utf8.def 2008/04/05 v1.1m UTF-8 support for inputenc
)
Overfull \hbox (3.66931pt too wide) in paragraph at lines 4905--4910
\T1/ptm/m/n/10 be-tween the ob-served and pre-dicted out-comes when \T1/zi4/m/n
/10 form = "corr"\T1/ptm/m/n/10 . when \T1/zi4/m/n/10 form = "traditional"\T1/p
tm/m/n/10 , 
 []

[87] [88] (/usr/local/texlive/2014/texmf-dist/tex/latex/base/utf8.def
File: utf8.def 2008/04/05 v1.1m UTF-8 support for inputenc
)
(/usr/local/texlive/2014/texmf-dist/tex/latex/base/utf8.def
File: utf8.def 2008/04/05 v1.1m UTF-8 support for inputenc
) [89]
Overfull \hbox (15.84875pt too wide) in paragraph at lines 5029--5030
[]\T1/ptm/m/n/10 the type of plot: \T1/zi4/m/n/10 "scree" \T1/ptm/m/n/10 pro-du
ces a bar chart of stan-dard de-vi-a-tions, \T1/zi4/m/n/10 "cumulative"
 []


Overfull \hbox (28.46971pt too wide) in paragraph at lines 5032--5033
[]\T1/ptm/m/n/10 The num-ber of di-men-sions to plot when \T1/zi4/m/n/10 what =
 "loadings" \T1/ptm/m/n/10 or \T1/zi4/m/n/10 what = "components" 
 []


Overfull \hbox (7.62015pt too wide) in paragraph at lines 5036--5037
[]\T1/ptm/m/n/10 For \T1/zi4/m/n/10 prcomp.resamples\T1/ptm/m/n/10 , op-tions t
o pass to [][]\T1/zi4/m/n/10 prcomp[][][]\T1/ptm/m/n/10 , for \T1/zi4/m/n/10 pl
ot.prcomp.resamples\T1/ptm/m/n/10 ,
 []


Overfull \hbox (9.44814pt too wide) in paragraph at lines 5036--5037
\T1/ptm/m/n/10 op-tions to pass to Lat-tice ob-jects (see De-tails be-low) and,
 for \T1/zi4/m/n/10 cluster.resamples\T1/ptm/m/n/10 ,
 []

[90] (/usr/local/texlive/2014/texmf-dist/tex/latex/base/utf8.def
File: utf8.def 2008/04/05 v1.1m UTF-8 support for inputenc
) [91]
Overfull \hbox (3.48946pt too wide) in paragraph at lines 5123--5124
[]\T1/ptm/m/n/10 The type of pre-dic-tion. For bagged [][]\T1/zi4/m/n/10 earth[
][][] \T1/ptm/m/n/10 re-gres-sion model, \T1/zi4/m/n/10 type = "response"
 []

(/usr/local/texlive/2014/texmf-dist/tex/latex/base/utf8.def
File: utf8.def 2008/04/05 v1.1m UTF-8 support for inputenc
) [92] [93]
(/usr/local/texlive/2014/texmf-dist/tex/latex/base/utf8.def
File: utf8.def 2008/04/05 v1.1m UTF-8 support for inputenc
)
(/usr/local/texlive/2014/texmf-dist/tex/latex/base/utf8.def
File: utf8.def 2008/04/05 v1.1m UTF-8 support for inputenc
) [94]
(/usr/local/texlive/2014/texmf-dist/tex/latex/base/utf8.def
File: utf8.def 2008/04/05 v1.1m UTF-8 support for inputenc
) [95] [96]
(/usr/local/texlive/2014/texmf-dist/tex/latex/base/utf8.def
File: utf8.def 2008/04/05 v1.1m UTF-8 support for inputenc
) [97]
Overfull \hbox (43.60107pt too wide) in paragraph at lines 5474--5475
[]\T1/ptm/m/n/10 For [][]\T1/zi4/m/n/10 randomForest[][][]\T1/ptm/m/n/10 , [][]
\T1/zi4/m/n/10 cforest[][][]\T1/ptm/m/n/10 , [][]\T1/zi4/m/n/10 ctree[][][]\T1/
ptm/m/n/10 , [][]\T1/zi4/m/n/10 rpart[][][]\T1/ptm/m/n/10 , [][]\T1/zi4/m/n/10 
ipredbagg[][][]\T1/ptm/m/n/10 , [][]\T1/zi4/m/n/10 bagging[][][]\T1/ptm/m/n/10 
, [][]\T1/zi4/m/n/10 earth[][][]\T1/ptm/m/n/10 , [][]\T1/zi4/m/n/10 fda[][][]\T
1/ptm/m/n/10 , [][]\T1/zi4/m/n/10 pamr.train[][][]\T1/ptm/m/n/10 , [][]\T1/zi4/
m/n/10 superpc.train[][][]\T1/ptm/m/n/10 ,
 []

(/usr/local/texlive/2014/texmf-dist/tex/latex/base/utf8.def
File: utf8.def 2008/04/05 v1.1m UTF-8 support for inputenc
) [98]
Overfull \hbox (5.35852pt too wide) in paragraph at lines 5520--5521
\T1/ptm/m/n/10 Cox", "Yeo-John-son", "ex-po-Trans", "cen-ter", "scale", "range"
, "kn-nIm-pute", "bag-
 []

[99] [100] [101] (/usr/local/texlive/2014/texmf-dist/tex/latex/base/utf8.def
File: utf8.def 2008/04/05 v1.1m UTF-8 support for inputenc
)
(/usr/local/texlive/2014/texmf-dist/tex/latex/base/utf8.def
File: utf8.def 2008/04/05 v1.1m UTF-8 support for inputenc
) [102] [103]
(/usr/local/texlive/2014/texmf-dist/tex/latex/base/utf8.def
File: utf8.def 2008/04/05 v1.1m UTF-8 support for inputenc
)
Overfull \hbox (51.901pt too wide) in paragraph at lines 5764--5765
[][][]\T1/zi4/m/n/10 train[][][]\T1/ptm/m/n/10 , [][]\T1/zi4/m/n/10 histogram[]
[][]\T1/ptm/m/n/10 , [][]\T1/zi4/m/n/10 densityplot[][][]\T1/ptm/m/n/10 , [][]\
T1/zi4/m/n/10 histogram.train[][][]\T1/ptm/m/n/10 , [][]\T1/zi4/m/n/10 densityp
lot.train[][][]\T1/ptm/m/n/10 , [][]\T1/zi4/m/n/10 xyplot.train[][][]\T1/ptm/m/
n/10 , [][]\T1/zi4/m/n/10 stripplot.train[][][] 
 []

(/usr/local/texlive/2014/texmf-dist/tex/latex/base/utf8.def
File: utf8.def 2008/04/05 v1.1m UTF-8 support for inputenc
) [104] [105]
Overfull \hbox (63.05722pt too wide) in paragraph at lines 5836--5837
[]\T1/zi4/m/n/10 resamples \T1/ptm/m/n/10 checks that the re-sam-pling re-sults
 match; that is, the in-dices in the ob-ject \T1/zi4/m/n/10 trainObject$control
$index
 []


Overfull \hbox (2.52763pt too wide) in paragraph at lines 5846--5847
[]\T1/ptm/m/n/10 a data frame of re-sults where rows cor-re-spond to re-sam-ple
d data sets and columns
 []


Overfull \hbox (5.00658pt too wide) in paragraph at lines 5861--5862
[]\T1/ptm/m/n/10 Eugster et al. Ex-ploratory and in-fer-en-tial anal-y-sis of b
ench-mark ex-per-i-ments. Ludwigs-Maximilians-
 []


Overfull \hbox (49.88098pt too wide) in paragraph at lines 5865--5866
[][][]\T1/zi4/m/n/10 train[][][]\T1/ptm/m/n/10 , [][]\T1/zi4/m/n/10 trainContro
l[][][]\T1/ptm/m/n/10 , [][]\T1/zi4/m/n/10 diff.resamples[][][]\T1/ptm/m/n/10 ,
 [][]\T1/zi4/m/n/10 xyplot.resamples[][][]\T1/ptm/m/n/10 , [][]\T1/zi4/m/n/10 d
ensityplot.resamples[][][]\T1/ptm/m/n/10 , [][]\T1/zi4/m/n/10 bwplot.resamples[
][][]\T1/ptm/m/n/10 ,
 []

[106] (/usr/local/texlive/2014/texmf-dist/tex/latex/base/utf8.def
File: utf8.def 2008/04/05 v1.1m UTF-8 support for inputenc
) [107]
(/usr/local/texlive/2014/texmf-dist/tex/latex/base/utf8.def
File: utf8.def 2008/04/05 v1.1m UTF-8 support for inputenc
) [108]
Overfull \hbox (9.40047pt too wide) in paragraph at lines 6005--6006
[][]$\T1/zi4/m/n/10 http : / / topepo . github . io / caret / featureselection 
. html # rfe$[][] \T1/ptm/m/n/10 has more de-
 []


Overfull \hbox (16.29932pt too wide) in paragraph at lines 6016--6017
[]\T1/ptm/m/n/10 More de-tails on this func-tion can be found at [][]$\T1/zi4/m
/n/10 http : / / topepo . github . io / caret / featureselection .
 []


Overfull \hbox (69.64824pt too wide) in paragraph at lines 6025--6026
[]\T1/ptm/m/n/10 When up-dat-ing a model, if the en-tire set of re-sam-ples wer
e not saved us-ing \T1/zi4/m/n/10 rfeControl(returnResamp = "final")\T1/ptm/m/n
/10 ,
 []

[109] [110] (/usr/local/texlive/2014/texmf-dist/tex/latex/base/utf8.def
File: utf8.def 2008/04/05 v1.1m UTF-8 support for inputenc
)
[111] [112]
Overfull \hbox (16.29932pt too wide) in paragraph at lines 6184--6185
[]\T1/ptm/m/n/10 More de-tails on this func-tion can be found at [][]$\T1/zi4/m
/n/10 http : / / topepo . github . io / caret / featureselection .
 []

LaTeX Font Info:    Try loading font information for TS1+ptm on input line 6191
.
(/usr/local/texlive/2014/texmf-dist/tex/latex/psnfss/ts1ptm.fd
File: ts1ptm.fd 2001/06/04 font definitions for TS1/ptm.
) [113]
Overfull \hbox (4.15823pt too wide) in paragraph at lines 6268--6270
[]\T1/ptm/m/n/10 Model de-tails about these func-tions, in-clud-ing ex-am-ples,
 are at [][]$\T1/zi4/m/n/10 http : / / topepo . github . io / caret /
 []

(/usr/local/texlive/2014/texmf-dist/tex/latex/base/utf8.def
File: utf8.def 2008/04/05 v1.1m UTF-8 support for inputenc
) [114] [115]
[116] (/usr/local/texlive/2014/texmf-dist/tex/latex/base/utf8.def
File: utf8.def 2008/04/05 v1.1m UTF-8 support for inputenc
) [117]
Overfull \hbox (12.6894pt too wide) in paragraph at lines 6472--6473
\T1/zi4/m/n/10 metric \T1/ptm/m/n/10 ar-gu-ment, this this vec-tor should have 
names \T1/zi4/m/n/10 "internal" \T1/ptm/m/n/10 and \T1/zi4/m/n/10 "external"\T1
/ptm/m/n/10 . 
 []

[118]
Overfull \hbox (0.14063pt too wide) in paragraph at lines 6526--6527
[]\T1/ptm/m/n/10 The pages [][]$\T1/zi4/m/n/10 http : / / topepo . github . io 
/ caret / GA . html$[][] \T1/ptm/m/n/10 and [][]$\T1/zi4/m/n/10 http : / / tope
po . github . io / caret /
 []


Overfull \hbox (10.69724pt too wide) in paragraph at lines 6533--6534
[]\T1/ptm/m/n/10 each ex-ter-nally re-sam-pled GA or SA can be run in-de-pen-de
ntly (con-trolled by the \T1/zi4/m/n/10 allowParallel
 []

[119] (/usr/local/texlive/2014/texmf-dist/tex/latex/base/utf8.def
File: utf8.def 2008/04/05 v1.1m UTF-8 support for inputenc
) [120]
[121] (/usr/local/texlive/2014/texmf-dist/tex/latex/base/utf8.def
File: utf8.def 2008/04/05 v1.1m UTF-8 support for inputenc
) [122]
Overfull \hbox (16.29932pt too wide) in paragraph at lines 6735--6736
[]\T1/ptm/m/n/10 More de-tails on this func-tion can be found at [][]$\T1/zi4/m
/n/10 http : / / topepo . github . io / caret / featureselection .
 []

[123] [124] (/usr/local/texlive/2014/texmf-dist/tex/latex/base/utf8.def
File: utf8.def 2008/04/05 v1.1m UTF-8 support for inputenc
)
[125]
Overfull \hbox (16.29932pt too wide) in paragraph at lines 6859--6860
[]\T1/ptm/m/n/10 More de-tails on this func-tion can be found at [][]$\T1/zi4/m
/n/10 http : / / topepo . github . io / caret / featureselection .
 []

[126] [127] (/usr/local/texlive/2014/texmf-dist/tex/latex/base/utf8.def
File: utf8.def 2008/04/05 v1.1m UTF-8 support for inputenc
)
Overfull \hbox (21.1488pt too wide) in paragraph at lines 6973--6974
[]\T1/ptm/m/n/10 A bi-nary ver-sion of the orig-i-nal data is at [][]$\T1/zi4/m
/n/10 http : / / topepo . github . io / caret / segmentationOriginal .
 []

(/usr/local/texlive/2014/texmf-dist/tex/latex/base/utf8.def
File: utf8.def 2008/04/05 v1.1m UTF-8 support for inputenc
) [128]
Overfull \hbox (1.78088pt too wide) in paragraph at lines 7041--7041
 []\T1/zi4/m/n/10 specificity(data, reference, negative = levels(reference)[-1]
, na.rm = TRUE, ...)[] 
 []

[129]
Overfull \hbox (37.82495pt too wide) detected at line 7097
\OML/cmm/m/it/10 PPV \OT1/cmr/m/n/10 = (\OML/cmm/m/it/10 sensitivity \OMS/cmsy/
m/n/10 ^^C \OML/cmm/m/it/10 Prevalence\OT1/cmr/m/n/10 )\OML/cmm/m/it/10 =\OT1/c
mr/m/n/10 ((\OML/cmm/m/it/10 sensitivity \OMS/cmsy/m/n/10 ^^C \OML/cmm/m/it/10 
Prevalence\OT1/cmr/m/n/10 ) + ((1 \OMS/cmsy/m/n/10 ^^@ \OML/cmm/m/it/10 specifi
city\OT1/cmr/m/n/10 ) \OMS/cmsy/m/n/10 ^^C \OT1/cmr/m/n/10 (1 \OMS/cmsy/m/n/10 
^^@ \OML/cmm/m/it/10 Prevalence\OT1/cmr/m/n/10 )))
 []


Overfull \hbox (67.62596pt too wide) detected at line 7098
\OML/cmm/m/it/10 NPV \OT1/cmr/m/n/10 = (\OML/cmm/m/it/10 specificity \OMS/cmsy/
m/n/10 ^^C \OT1/cmr/m/n/10 (1 \OMS/cmsy/m/n/10 ^^@ \OML/cmm/m/it/10 Prevalence\
OT1/cmr/m/n/10 ))\OML/cmm/m/it/10 =\OT1/cmr/m/n/10 (((1 \OMS/cmsy/m/n/10 ^^@ \O
ML/cmm/m/it/10 sensitivity\OT1/cmr/m/n/10 ) \OMS/cmsy/m/n/10 ^^C \OML/cmm/m/it/
10 Prevalence\OT1/cmr/m/n/10 ) + ((\OML/cmm/m/it/10 specificity\OT1/cmr/m/n/10 
) \OMS/cmsy/m/n/10 ^^C \OT1/cmr/m/n/10 (1 \OMS/cmsy/m/n/10 ^^@ \OML/cmm/m/it/10
 Prevalence\OT1/cmr/m/n/10 )))
 []

[130] [131] (/usr/local/texlive/2014/texmf-dist/tex/latex/base/utf8.def
File: utf8.def 2008/04/05 v1.1m UTF-8 support for inputenc
)
[132] (/usr/local/texlive/2014/texmf-dist/tex/latex/base/utf8.def
File: utf8.def 2008/04/05 v1.1m UTF-8 support for inputenc
) [133]
(/usr/local/texlive/2014/texmf-dist/tex/latex/base/utf8.def
File: utf8.def 2008/04/05 v1.1m UTF-8 support for inputenc
) [134]
(/usr/local/texlive/2014/texmf-dist/tex/latex/base/utf8.def
File: utf8.def 2008/04/05 v1.1m UTF-8 support for inputenc
) [135]
Overfull \hbox (4.02014pt too wide) in paragraph at lines 7425--7426
\T1/ptm/m/n/10 model func-tion. See [][]$\T1/zi4/m/n/10 http : / / topepo . git
hub . io / caret / custom _ models . html$[][]
 []


Overfull \hbox (14.83794pt too wide) in paragraph at lines 7426--7428
[]\T1/ptm/m/n/10 arguments passed to the clas-si-fi-ca-tion or re-gres-sion rou
-tine (such as [][]\T1/zi4/m/n/10 randomForest[][][]\T1/ptm/m/n/10 ).
 []

[136]
Overfull \hbox (17.79979pt too wide) in paragraph at lines 7433--7434
\T1/ptm/m/n/10 should be gen-er-ated by [][]\T1/zi4/m/n/10 train[][][]\T1/ptm/m
/n/10 . If [][]\T1/zi4/m/n/10 trainControl[][][] \T1/ptm/m/n/10 has the op-tion
 \T1/zi4/m/n/10 search = "random"\T1/ptm/m/n/10 ,
 []

[137] [138]
Underfull \vbox (badness 10000) has occurred while \output is active []

 [139]
(/usr/local/texlive/2014/texmf-dist/tex/latex/base/utf8.def
File: utf8.def 2008/04/05 v1.1m UTF-8 support for inputenc
) [140]
Overfull \hbox (1.82747pt too wide) in paragraph at lines 7644--7645
\T1/ptm/m/n/10 ducted af-ter re-sam-pling (usu-ally to re-solve class im-bal-an
ces). Val-ues are \T1/zi4/m/n/10 "none"\T1/ptm/m/n/10 ,
 []


Overfull \hbox (25.93008pt too wide) in paragraph at lines 7650--7651
[]\T1/ptm/m/n/10 a list used when \T1/zi4/m/n/10 method \T1/ptm/m/n/10 is \T1/z
i4/m/n/10 "adaptive_cv"\T1/ptm/m/n/10 , \T1/zi4/m/n/10 "adaptive_boot" \T1/ptm/
m/n/10 or \T1/zi4/m/n/10 "adaptive_LGOCV"\T1/ptm/m/n/10 .
 []

[141]
Overfull \hbox (40.13927pt too wide) in paragraph at lines 7661--7662
[]\T1/ptm/m/n/10 Using adap-tive re-sam-pling when \T1/zi4/m/n/10 method \T1/pt
m/m/n/10 is ei-ther \T1/zi4/m/n/10 "adaptive_cv"\T1/ptm/m/n/10 , \T1/zi4/m/n/10
 "adaptive_boot" \T1/ptm/m/n/10 or \T1/zi4/m/n/10 "adaptive_LGOCV"\T1/ptm/m/n/1
0 ,
 []


Overfull \hbox (35.07828pt too wide) in paragraph at lines 7667--7668
[]\T1/zi4/m/n/10 method\T1/ptm/m/n/10 : ei-ther gen-er-al-ized least squares (\
T1/zi4/m/n/10 method = "gls"\T1/ptm/m/n/10 ) or a Bradley-Terry model (\T1/zi4/
m/n/10 method = "BT"\T1/ptm/m/n/10 ) 
 []

[142] (/usr/local/texlive/2014/texmf-dist/tex/latex/base/utf8.def
File: utf8.def 2008/04/05 v1.1m UTF-8 support for inputenc
) [143]
[144] [145] [146]
Overfull \hbox (2.4876pt too wide) in paragraph at lines 8161--8162
[]\T1/ptm/b/n/10 Distance Weighted Dis-crim-i-na-tion with Ra-dial Ba-sis Func-
tion Ker-nel \T1/ptm/m/n/10 (\T1/zi4/m/n/10 method = \TS1/zi4/m/n/10 '\T1/zi4/m
/n/10 dwdRadial\TS1/zi4/m/n/10 '\T1/ptm/m/n/10 ) 
 []

[147] [148]
Overfull \hbox (29.32767pt too wide) in paragraph at lines 8331--8332
[]\T1/ptm/b/n/10 Fuzzy Rules Us-ing Ge-netic Cooperative-Competitive Learn-ing 
and Pitts-burgh \T1/ptm/m/n/10 (\T1/zi4/m/n/10 method = \TS1/zi4/m/n/10 '\T1/zi
4/m/n/10 FH.GBML\TS1/zi4/m/n/10 '\T1/ptm/m/n/10 ) 
 []


Overfull \hbox (16.78807pt too wide) in paragraph at lines 8344--8345
[]\T1/ptm/b/n/10 Fuzzy Rules Us-ing the Struc-tural Learn-ing Al-go-rithm on Va
gue En-vi-ron-ment \T1/ptm/m/n/10 (\T1/zi4/m/n/10 method = \TS1/zi4/m/n/10 '\T1
/zi4/m/n/10 SLAVE\TS1/zi4/m/n/10 '\T1/ptm/m/n/10 ) 
 []

[149]
Overfull \hbox (8.63753pt too wide) in paragraph at lines 8482--8483
[]\T1/ptm/b/n/10 Genetic Lat-eral Tun-ing and Rule Se-lec-tion of Lin-guis-tic 
Fuzzy Sys-tems \T1/ptm/m/n/10 (\T1/zi4/m/n/10 method = \TS1/zi4/m/n/10 '\T1/zi4
/m/n/10 GFS.LT.RS\TS1/zi4/m/n/10 '\T1/ptm/m/n/10 ) 
 []

[150] [151]
Overfull \hbox (32.97765pt too wide) in paragraph at lines 8659--8660
[]\T1/ptm/b/n/10 Least Squares Sup-port Vec-tor Ma-chine with Ra-dial Ba-sis Fu
nc-tion Ker-nel \T1/ptm/m/n/10 (\T1/zi4/m/n/10 method = \TS1/zi4/m/n/10 '\T1/zi
4/m/n/10 lssvmRadial\TS1/zi4/m/n/10 '\T1/ptm/m/n/10 ) 
 []

[152] [153] [154] [155] [156] [157] [158] [159] [160] [161] [162]
Overfull \hbox (4.11844pt too wide) in paragraph at lines 9870--9871
[]\T1/ptm/b/n/10 Support Vec-tor Ma-chines with Bound-range String Ker-nel \T1/
ptm/m/n/10 (\T1/zi4/m/n/10 method = \TS1/zi4/m/n/10 '\T1/zi4/m/n/10 svmBoundran
geString\TS1/zi4/m/n/10 '\T1/ptm/m/n/10 ) 
 []

[163] [164] (/usr/local/texlive/2014/texmf-dist/tex/latex/base/utf8.def
File: utf8.def 2008/04/05 v1.1m UTF-8 support for inputenc
)
[165] [166] [167] (/usr/local/texlive/2014/texmf-dist/tex/latex/base/utf8.def
File: utf8.def 2008/04/05 v1.1m UTF-8 support for inputenc
)
[168] [169] (/usr/local/texlive/2014/texmf-dist/tex/latex/base/utf8.def
File: utf8.def 2008/04/05 v1.1m UTF-8 support for inputenc
)
[170] (/usr/local/texlive/2014/texmf-dist/tex/latex/base/utf8.def
File: utf8.def 2008/04/05 v1.1m UTF-8 support for inputenc
) [171]
Underfull \vbox (badness 10000) has occurred while \output is active []

 [172]
[173] [174] (/usr/local/texlive/2014/texmf-dist/tex/latex/base/utf8.def
File: utf8.def 2008/04/05 v1.1m UTF-8 support for inputenc
)
[175] (/usr/local/texlive/2014/texmf-dist/tex/latex/base/utf8.def
File: utf8.def 2008/04/05 v1.1m UTF-8 support for inputenc
)
(/usr/local/texlive/2014/texmf-dist/tex/latex/base/utf8.def
File: utf8.def 2008/04/05 v1.1m UTF-8 support for inputenc
) [176] [177]
Overfull \hbox (2.33772pt too wide) in paragraph at lines 10841--10842
[]\T1/ptm/m/n/10 either "sec", "min" or "hour"; which \T1/zi4/m/n/10 what \T1/p
tm/m/n/10 is ei-ther "tTime", "mTime" or "pTime",
 []


Overfull \hbox (5.00658pt too wide) in paragraph at lines 10866--10867
[]\T1/ptm/m/n/10 Eugster et al. Ex-ploratory and in-fer-en-tial anal-y-sis of b
ench-mark ex-per-i-ments. Ludwigs-Maximilians-
 []

[178] (./Rd2.ind [179]
LaTeX Font Info:    Font shape `T1/ptm/bx/n' in size <12> not available
(Font)              Font shape `T1/ptm/b/n' tried instead on input line 3.
 [180

]

LaTeX Font Warning: Font shape `T1/zi4/m/it' undefined
(Font)              using `T1/zi4/m/n' instead on input line 104.

[181] [182] [183] [184])
Package atveryend Info: Empty hook `BeforeClearDocument' on input line 10908.
Package atveryend Info: Empty hook `AfterLastShipout' on input line 10908.
 (./Rd2.aux)
Package atveryend Info: Executing hook `AtVeryEndDocument' on input line 10908.

Package atveryend Info: Executing hook `AtEndAfterFileList' on input line 10908
.
Package rerunfilecheck Info: File `Rd2.out' has not changed.
(rerunfilecheck)             Checksum: F34047320C5F63173BBF2A20F124F0C5;5230.


LaTeX Font Warning: Some font shapes were not available, defaults substituted.

Package atveryend Info: Empty hook `AtVeryVeryEnd' on input line 10908.
 ) 
Here is how much of TeX's memory you used:
 7996 strings out of 493117
 120614 string characters out of 6135433
 179842 words of memory out of 5000000
 9798 multiletter control sequences out of 15000+600000
 44456 words of font info for 54 fonts, out of 8000000 for 9000
 1141 hyphenation exceptions out of 8191
 38i,6n,34p,980b,592s stack positions out of 5000i,500n,10000p,200000b,80000s
pdfTeX warning (dest): name{Rfn.summary.cubist} has been referenced but does 
not exist, replaced by a fixed one

pdfTeX warning (dest): name{Rfn.evimp} has been referenced but does not exist, 
replaced by a fixed one

pdfTeX warning (dest): name{Rfn.mvrVal} has been referenced but does not exist,
 replaced by a fixed one

pdfTeX warning (dest): name{Rfn.format} has been referenced but does not exist,
 replaced by a fixed one

pdfTeX warning (dest): name{Rfn.superpc.train} has been referenced but does not
 exist, replaced by a fixed one

pdfTeX warning (dest): name{Rfn.pamr.train} has been referenced but does not ex
ist, replaced by a fixed one

pdfTeX warning (dest): name{Rfn.bagging} has been referenced but does not exist
, replaced by a fixed one

pdfTeX warning (dest): name{Rfn.ipredbagg} has been referenced but does not exi
st, replaced by a fixed one

pdfTeX warning (dest): name{Rfn.rpart} has been referenced but does not exist, 
replaced by a fixed one

pdfTeX warning (dest): name{Rfn.ctree} has been referenced but does not exist, 
replaced by a fixed one

pdfTeX warning (dest): name{Rfn.cforest} has been referenced but does not exist
, replaced by a fixed one

pdfTeX warning (dest): name{Rfn.randomForest} has been referenced but does not 
exist, replaced by a fixed one

pdfTeX warning (dest): name{Rfn.predict.ipredknn} has been referenced but does 
not exist, replaced by a fixed one

pdfTeX warning (dest): name{Rfn.predict} has been referenced but does not exist
, replaced by a fixed one

pdfTeX warning (dest): name{Rfn.hclust} has been referenced but does not exist,
 replaced by a fixed one

pdfTeX warning (dest): name{Rfn.barchart} has been referenced but does not exis
t, replaced by a fixed one

pdfTeX warning (dest): name{Rfn.NaiveBayes} has been referenced but does not ex
ist, replaced by a fixed one

pdfTeX warning (dest): name{Rfn.spls} has been referenced but does not exist, r
eplaced by a fixed one

pdfTeX warning (dest): name{Rfn.plsr} has been referenced but does not exist, r
eplaced by a fixed one

pdfTeX warning (dest): name{Rfn.ggplot} has been referenced but does not exist,
 replaced by a fixed one

pdfTeX warning (dest): name{Rfn.panel.dotplot} has been referenced but does not
 exist, replaced by a fixed one

pdfTeX warning (dest): name{Rfn.panel.xyplot} has been referenced but does not 
exist, replaced by a fixed one

pdfTeX warning (dest): name{Rfn.install.packages} has been referenced but does 
not exist, replaced by a fixed one

pdfTeX warning (dest): name{Rfn.grepl} has been referenced but does not exist, 
replaced by a fixed one

pdfTeX warning (dest): name{Rfn.dist} has been referenced but does not exist, r
eplaced by a fixed one

pdfTeX warning (dest): name{Rfn.update.trellis} has been referenced but does no
t exist, replaced by a fixed one

pdfTeX warning (dest): name{Rfn.knn} has been referenced but does not exist, re
placed by a fixed one

pdfTeX warning (dest): name{Rfn.ipredknn} has been referenced but does not exis
t, replaced by a fixed one

pdfTeX warning (dest): name{Rfn.fastICA} has been referenced but does not exist
, replaced by a fixed one

pdfTeX warning (dest): name{Rfn.stripplot} has been referenced but does not exi
st, replaced by a fixed one

pdfTeX warning (dest): name{Rfn.histogram} has been referenced but does not exi
st, replaced by a fixed one

pdfTeX warning (dest): name{Rfn.format.earth} has been referenced but does not 
exist, replaced by a fixed one

pdfTeX warning (dest): name{Rfn.cat} has been referenced but does not exist, re
placed by a fixed one

pdfTeX warning (dest): name{Rfn.trim.matrix} has been referenced but does not e
xist, replaced by a fixed one

pdfTeX warning (dest): name{Rfn.anneal} has been referenced but does not exist,
 replaced by a fixed one

pdfTeX warning (dest): name{Rfn.genetic} has been referenced but does not exist
, replaced by a fixed one

pdfTeX warning (dest): name{Rfn.leaps} has been referenced but does not exist, 
replaced by a fixed one

pdfTeX warning (dest): name{Rfn.loess} has been referenced but does not exist, 
replaced by a fixed one

pdfTeX warning (dest): name{Rfn.lm} has been referenced but does not exist, rep
laced by a fixed one

pdfTeX warning (dest): name{Rfn.formula} has been referenced but does not exist
, replaced by a fixed one

pdfTeX warning (dest): name{Rfn.terms.formula} has been referenced but does not
 exist, replaced by a fixed one

pdfTeX warning (dest): name{Rfn.contr.treatment} has been referenced but does n
ot exist, replaced by a fixed one

pdfTeX warning (dest): name{Rfn.contrasts} has been referenced but does not exi
st, replaced by a fixed one

pdfTeX warning (dest): name{Rfn.model.matrix} has been referenced but does not 
exist, replaced by a fixed one

pdfTeX warning (dest): name{Rfn.splom} has been referenced but does not exist, 
replaced by a fixed one

pdfTeX warning (dest): name{Rfn.bwplot} has been referenced but does not exist,
 replaced by a fixed one

pdfTeX warning (dest): name{Rfn.levelplot} has been referenced but does not exi
st, replaced by a fixed one

pdfTeX warning (dest): name{Rfn.densityplot} has been referenced but does not e
xist, replaced by a fixed one

pdfTeX warning (dest): name{Rfn.dotplot} has been referenced but does not exist
, replaced by a fixed one

pdfTeX warning (dest): name{Rfn.t.test} has been referenced but does not exist,
 replaced by a fixed one

pdfTeX warning (dest): name{Rfn.p.adjust} has been referenced but does not exis
t, replaced by a fixed one

pdfTeX warning (dest): name{Rfn.binom.test} has been referenced but does not ex
ist, replaced by a fixed one

pdfTeX warning (dest): name{Rfn.mcnemar.test} has been referenced but does not 
exist, replaced by a fixed one

pdfTeX warning (dest): name{Rfn.table} has been referenced but does not exist, 
replaced by a fixed one

pdfTeX warning (dest): name{Rfn.mahalanobis} has been referenced but does not e
xist, replaced by a fixed one

pdfTeX warning (dest): name{Rfn.prcomp} has been referenced but does not exist,
 replaced by a fixed one

pdfTeX warning (dest): name{Rfn.summary.gam} has been referenced but does not e
xist, replaced by a fixed one

pdfTeX warning (dest): name{Rfn.trellis.par.set} has been referenced but does n
ot exist, replaced by a fixed one

pdfTeX warning (dest): name{Rfn.lattice.options} has been referenced but does n
ot exist, replaced by a fixed one

pdfTeX warning (dest): name{Rfn.xyplot} has been referenced but does not exist,
 replaced by a fixed one

pdfTeX warning (dest): name{Rfn.boxcox} has been referenced but does not exist,
 replaced by a fixed one

pdfTeX warning (dest): name{Rfn.optim} has been referenced but does not exist, 
replaced by a fixed one

pdfTeX warning (dest): name{Rfn.fda} has been referenced but does not exist, re
placed by a fixed one

pdfTeX warning (dest): name{Rfn.earth} has been referenced but does not exist, 
replaced by a fixed one

pdfTeX warning (dest): name{Rfn.nnet} has been referenced but does not exist, r
eplaced by a fixed one

{/usr/local/texlive/2014/texmf-dist/fonts/enc/dvips/inconsolata/i4-ts1.enc}{/us
r/local/texlive/2014/texmf-dist/fonts/enc/dvips/base/8r.enc}{/usr/local/texlive
/2014/texmf-dist/fonts/enc/dvips/inconsolata/i4-t1-0.enc}</usr/local/texlive/20
14/texmf-dist/fonts/type1/public/inconsolata/Inconsolata-zi4r.pfb></usr/local/t
exlive/2014/texmf-dist/fonts/type1/public/amsfonts/cm/cmex10.pfb></usr/local/te
xlive/2014/texmf-dist/fonts/type1/public/amsfonts/cm/cmmi10.pfb></usr/local/tex
live/2014/texmf-dist/fonts/type1/public/amsfonts/cm/cmmi7.pfb></usr/local/texli
ve/2014/texmf-dist/fonts/type1/public/amsfonts/cm/cmr10.pfb></usr/local/texlive
/2014/texmf-dist/fonts/type1/public/amsfonts/cm/cmr7.pfb></usr/local/texlive/20
14/texmf-dist/fonts/type1/public/amsfonts/cm/cmsy10.pfb></usr/local/texlive/201
4/texmf-dist/fonts/type1/urw/helvetic/uhvr8a.pfb></usr/local/texlive/2014/texmf
-dist/fonts/type1/urw/times/utmb8a.pfb></usr/local/texlive/2014/texmf-dist/font
s/type1/urw/times/utmr8a.pfb></usr/local/texlive/2014/texmf-dist/fonts/type1/ur
w/times/utmr8a.pfb></usr/local/texlive/2014/texmf-dist/fonts/type1/urw/times/ut
mri8a.pfb>
Output written on Rd2.pdf (184 pages, 546271 bytes).
PDF statistics:
 3995 PDF objects out of 4296 (max. 8388607)
 3759 compressed objects within 38 object streams
 1374 named destinations out of 1440 (max. 500000)
 753 words of extra memory for PDF output out of 10000 (max. 10000000)

